<?xml version="1.0" encoding="UTF-8"?>
<!DOCTYPE mapper PUBLIC "-//mybatis.org//DTD Mapper 3.0//EN" "http://mybatis.org/dtd/mybatis-3-mapper.dtd" >
<mapper namespace="test_mapper">
	
	<select id="selectTest" parameterType="String" resultType="testdc">
		select * from testDC where name='TESTNAME'
	</select>
	
</mapper>